<?xml version="1.0" encoding="UTF-8"?>
<testng-results skipped="0" failed="0" total="1" passed="1">
  <reporter-output>
  </reporter-output>
  <suite name="BST_CPO_MOBILE_Test" duration-ms="109888" started-at="2015-02-13T02:09:26Z" finished-at="2015-02-13T02:11:16Z">
    <groups>
    </groups>
    <test name="Mobile Test" duration-ms="109888" started-at="2015-02-13T02:09:26Z" finished-at="2015-02-13T02:11:16Z">
      <class name="bst.cpo.automation.mobile.Appium">
        <test-method status="PASS" signature="setUp()[pri:0, instance:bst.cpo.automation.mobile.Appium@fb95de0]" name="setUp" is-config="true" duration-ms="24587" started-at="2015-02-12T18:09:26Z" finished-at="2015-02-12T18:09:51Z">
          <reporter-output>
          </reporter-output>
        </test-method> <!-- setUp -->
        <test-method status="PASS" signature="Josh_Test()[pri:0, instance:bst.cpo.automation.mobile.Appium@fb95de0]" name="Josh_Test" duration-ms="82051" started-at="2015-02-12T18:09:51Z" finished-at="2015-02-12T18:11:13Z">
          <reporter-output>
          </reporter-output>
        </test-method> <!-- Josh_Test -->
        <test-method status="PASS" signature="tearDown()[pri:0, instance:bst.cpo.automation.mobile.Appium@fb95de0]" name="tearDown" is-config="true" duration-ms="3243" started-at="2015-02-12T18:11:13Z" finished-at="2015-02-12T18:11:16Z">
          <reporter-output>
          </reporter-output>
        </test-method> <!-- tearDown -->
      </class> <!-- bst.cpo.automation.mobile.Appium -->
    </test> <!-- Mobile Test -->
  </suite> <!-- BST_CPO_MOBILE_Test -->
</testng-results>
