<?xml version="1.0" encoding="UTF-8"?>
<!-- Generated by org.testng.reporters.JUnitXMLReporter -->
<testsuite hostname="ocbstjew7lt" name="DS - Russ&#039;s Test" tests="1" failures="0" timestamp="13 Feb 2015 00:35:13 GMT" time="0.03" errors="0">
  <testcase name="@BeforeClass setUp" time="0.0" classname="bst.cpo.automation.mobile.Appium">
    <failure type="java.lang.IllegalArgumentException" message="No enum constant org.openqa.selenium.Platform.Windows">
      <![CDATA[java.lang.IllegalArgumentException: No enum constant org.openqa.selenium.Platform.Windows
	at java.lang.Enum.valueOf(Enum.java:236)
	at org.openqa.selenium.Platform.valueOf(Platform.java:30)
	at org.openqa.selenium.remote.DesiredCapabilities.setCapability(DesiredCapabilities.java:168)
	at bst.cpo.automation.mobile.Appium.setUp(Appium.java:25)
... Removed 24 stack frames]]>
    </failure>
  </testcase> <!-- @BeforeClass setUp -->
  <testcase name="@AfterClass tearDown" time="0.0" classname="bst.cpo.automation.mobile.Appium">
    <skipped/>
  </testcase> <!-- @AfterClass tearDown -->
  <testcase name="Cal_Test" time="0.0" classname="bst.cpo.automation.mobile.Appium">
    <skipped/>
  </testcase> <!-- Cal_Test -->
</testsuite> <!-- DS - Russ's Test -->
