<?xml version="1.0" encoding="UTF-8"?>
<!-- Generated by org.testng.reporters.JUnitXMLReporter -->
<testsuite hostname="SAT-DUL-RUSSELL" name="DM - Demo" tests="8" failures="1" timestamp="22 Jun 2015 17:29:53 GMT" time="148.741" errors="0">
  <testcase name="Login_User" time="21.852" classname="bst.cpo.automation.dm.tests.Demo"/>
  <testcase name="Settings_Admin_Fail" time="5.513" classname="bst.cpo.automation.dm.tests.Demo">
    <failure type="java.lang.AssertionError" message="Failed - Navigation to &amp;apos;Admin Center&amp;apos; expected [true] but found [false]">
      <![CDATA[java.lang.AssertionError: Failed - Navigation to 'Admin Center' expected [true] but found [false]
	at bst.cpo.automation.dm.actions.Home_Actions.Nav_Settings_Click(Home_Actions.java:107)
	at bst.cpo.automation.dm.tests.Demo.Settings_Admin_Fail(Demo.java:85)
... Removed 27 stack frames]]>
    </failure>
  </testcase> <!-- Settings_Admin_Fail -->
  <testcase name="User_Search" time="20.409" classname="bst.cpo.automation.dm.tests.Demo"/>
  <testcase name="Add_File" time="24.087" classname="bst.cpo.automation.dm.tests.Demo"/>
  <testcase name="Select_File_Copy" time="12.658" classname="bst.cpo.automation.dm.tests.Demo"/>
  <testcase name="Add_File_Note" time="30.649" classname="bst.cpo.automation.dm.tests.Demo"/>
  <testcase name="Delete_File_Cancel" time="6.129" classname="bst.cpo.automation.dm.tests.Demo"/>
  <testcase name="Help_File" time="22.115" classname="bst.cpo.automation.dm.tests.Demo"/>
</testsuite> <!-- DM - Demo -->
