<?xml version="1.0" encoding="UTF-8"?>
<!-- Generated by org.testng.reporters.JUnitXMLReporter -->
<testsuite hostname="ocbstjew7lt" name="DM - Basic User Test" tests="2" failures="0" timestamp="31 Mar 2015 01:43:15 GMT" time="27.969" errors="0">
  <testcase name="Navigation_Test" time="11.755" classname="bst.cpo.automation.dm.tests.BasicUserTest"/>
  <testcase name="Recently_Updated_Test" time="12.056" classname="bst.cpo.automation.dm.tests.BasicUserTest"/>
</testsuite> <!-- DM - Basic User Test -->
