<?xml version="1.0" encoding="UTF-8"?>
<!-- Generated by org.testng.reporters.JUnitXMLReporter -->
<testsuite hostname="SAT-DUL-RUSSELL" name="DM - SmokeTest" tests="3" failures="0" timestamp="24 Jun 2015 18:23:31 GMT" time="26.874" errors="0">
  <testcase name="Bad_Login" time="4.642" classname="bst.cpo.automation.dm.tests.SmokeTest"/>
  <testcase name="Good_Login" time="12.154" classname="bst.cpo.automation.dm.tests.SmokeTest"/>
  <testcase name="Copy_Folder" time="5.422" classname="bst.cpo.automation.dm.tests.SmokeTest"/>
</testsuite> <!-- DM - SmokeTest -->
