<?xml version="1.0" encoding="UTF-8"?>
<!-- Generated by org.testng.reporters.JUnitXMLReporter -->
<testsuite hostname="SAT-DUL-RUSSELL" name="DS - Regression Test" tests="6" failures="0" timestamp="22 Jun 2015 17:50:25 GMT" time="65.622" errors="0">
  <testcase name="DSDM_Test" time="32.61" classname="bst.cpo.automation.ds.tests.BasicUserTest"/>
  <testcase name="Open_Folder_Test" time="7.938" classname="bst.cpo.automation.ds.tests.BasicUserTest"/>
  <testcase name="Settings_Test" time="13.597" classname="bst.cpo.automation.ds.tests.BasicUserTest"/>
  <testcase name="General_Tab_Test" time="4.446" classname="bst.cpo.automation.ds.tests.BasicUserTest"/>
  <testcase name="Quota_Info_Test" time="0.014" classname="bst.cpo.automation.ds.tests.BasicUserTest"/>
  <testcase name="Get_Log_Time_Test" time="0.004" classname="bst.cpo.automation.ds.tests.BasicUserTest"/>
</testsuite> <!-- DS - Regression Test -->
