<?xml version="1.0" encoding="UTF-8"?>
<!-- Generated by org.testng.reporters.JUnitXMLReporter -->
<testsuite hostname="ocbstjew7lt" name="DS - Basic User Test" tests="3" failures="0" timestamp="25 Mar 2015 22:56:33 GMT" time="483.749" errors="0">
  <testcase name="BSTCPO_2632_Test" time="13.634" classname="bst.cpo.automation.ds.tests.RussTest"/>
  <testcase name="BSTCPO_2650_Test" time="286.66" classname="bst.cpo.automation.ds.tests.RussTest"/>
  <testcase name="BSTCPO_3025_Test" time="179.493" classname="bst.cpo.automation.ds.tests.RussTest"/>
</testsuite> <!-- DS - Basic User Test -->
